<?xml version="1.0" encoding="UTF-8"?>
<testsuite xmlns:xsi="http://www.w3.org/2001/XMLSchema-instance" xsi:noNamespaceSchemaLocation="https://maven.apache.org/surefire/maven-surefire-plugin/xsd/surefire-test-report.xsd" name="test.TestSpring" time="1.317" tests="1" errors="1" skipped="0" failures="0">
  <properties>
    <property name="sun.desktop" value="windows"/>
    <property name="awt.toolkit" value="sun.awt.windows.WToolkit"/>
    <property name="file.encoding.pkg" value="sun.io"/>
    <property name="java.specification.version" value="1.8"/>
    <property name="sun.cpu.isalist" value="amd64"/>
    <property name="sun.jnu.encoding" value="GBK"/>
    <property name="java.class.path" value="D:\JavaWebStudy\ssm\target\test-classes;D:\JavaWebStudy\ssm\target\classes;D:\apache-maven-3.6.1-bin\MavenRepository\org\aspectj\aspectjweaver\1.6.8\aspectjweaver-1.6.8.jar;D:\apache-maven-3.6.1-bin\MavenRepository\org\springframework\spring-aop\5.0.2.RELEASE\spring-aop-5.0.2.RELEASE.jar;D:\apache-maven-3.6.1-bin\MavenRepository\org\springframework\spring-beans\5.0.2.RELEASE\spring-beans-5.0.2.RELEASE.jar;D:\apache-maven-3.6.1-bin\MavenRepository\org\springframework\spring-core\5.0.2.RELEASE\spring-core-5.0.2.RELEASE.jar;D:\apache-maven-3.6.1-bin\MavenRepository\org\springframework\spring-jcl\5.0.2.RELEASE\spring-jcl-5.0.2.RELEASE.jar;D:\apache-maven-3.6.1-bin\MavenRepository\org\springframework\spring-context\5.0.2.RELEASE\spring-context-5.0.2.RELEASE.jar;D:\apache-maven-3.6.1-bin\MavenRepository\org\springframework\spring-expression\5.0.2.RELEASE\spring-expression-5.0.2.RELEASE.jar;D:\apache-maven-3.6.1-bin\MavenRepository\org\springframework\spring-web\5.0.2.RELEASE\spring-web-5.0.2.RELEASE.jar;D:\apache-maven-3.6.1-bin\MavenRepository\org\springframework\spring-webmvc\5.0.2.RELEASE\spring-webmvc-5.0.2.RELEASE.jar;D:\apache-maven-3.6.1-bin\MavenRepository\org\springframework\spring-test\5.0.2.RELEASE\spring-test-5.0.2.RELEASE.jar;D:\apache-maven-3.6.1-bin\MavenRepository\org\springframework\spring-tx\5.0.2.RELEASE\spring-tx-5.0.2.RELEASE.jar;D:\apache-maven-3.6.1-bin\MavenRepository\org\springframework\spring-jdbc\5.0.2.RELEASE\spring-jdbc-5.0.2.RELEASE.jar;D:\apache-maven-3.6.1-bin\MavenRepository\junit\junit\4.12\junit-4.12.jar;D:\apache-maven-3.6.1-bin\MavenRepository\org\hamcrest\hamcrest-core\1.3\hamcrest-core-1.3.jar;D:\apache-maven-3.6.1-bin\MavenRepository\mysql\mysql-connector-java\5.1.6\mysql-connector-java-5.1.6.jar;D:\apache-maven-3.6.1-bin\MavenRepository\javax\servlet\servlet-api\2.5\servlet-api-2.5.jar;D:\apache-maven-3.6.1-bin\MavenRepository\javax\servlet\jsp\jsp-api\2.0\jsp-api-2.0.jar;D:\apache-maven-3.6.1-bin\MavenRepository\jstl\jstl\1.2\jstl-1.2.jar;D:\apache-maven-3.6.1-bin\MavenRepository\log4j\log4j\1.2.12\log4j-1.2.12.jar;D:\apache-maven-3.6.1-bin\MavenRepository\org\slf4j\slf4j-api\1.6.6\slf4j-api-1.6.6.jar;D:\apache-maven-3.6.1-bin\MavenRepository\org\slf4j\slf4j-log4j12\1.6.6\slf4j-log4j12-1.6.6.jar;D:\apache-maven-3.6.1-bin\MavenRepository\org\mybatis\mybatis\3.4.5\mybatis-3.4.5.jar;D:\apache-maven-3.6.1-bin\MavenRepository\org\mybatis\mybatis-spring\1.3.0\mybatis-spring-1.3.0.jar;D:\apache-maven-3.6.1-bin\MavenRepository\c3p0\c3p0\0.9.1.2\c3p0-0.9.1.2.jar;"/>
    <property name="java.vm.vendor" value="Oracle Corporation"/>
    <property name="sun.arch.data.model" value="64"/>
    <property name="user.variant" value=""/>
    <property name="java.vendor.url" value="http://java.oracle.com/"/>
    <property name="user.timezone" value="Asia/Shanghai"/>
    <property name="java.vm.specification.version" value="1.8"/>
    <property name="os.name" value="Windows 10"/>
    <property name="user.country" value="CN"/>
    <property name="sun.java.launcher" value="SUN_STANDARD"/>
    <property name="sun.boot.library.path" value="C:\Program Files\Java\jdk1.8.0_144\jre\bin"/>
    <property name="sun.java.command" value="C:\Users\ADMINI~1\AppData\Local\Temp\surefire3437146536636527451\surefirebooter6231820087408084563.jar C:\Users\Administrator\AppData\Local\Temp\surefire3437146536636527451 2019-12-28T11-58-06_884-jvmRun1 surefire5513293604595313596tmp surefire_03414607221836448831tmp"/>
    <property name="surefire.test.class.path" value="D:\JavaWebStudy\ssm\target\test-classes;D:\JavaWebStudy\ssm\target\classes;D:\apache-maven-3.6.1-bin\MavenRepository\org\aspectj\aspectjweaver\1.6.8\aspectjweaver-1.6.8.jar;D:\apache-maven-3.6.1-bin\MavenRepository\org\springframework\spring-aop\5.0.2.RELEASE\spring-aop-5.0.2.RELEASE.jar;D:\apache-maven-3.6.1-bin\MavenRepository\org\springframework\spring-beans\5.0.2.RELEASE\spring-beans-5.0.2.RELEASE.jar;D:\apache-maven-3.6.1-bin\MavenRepository\org\springframework\spring-core\5.0.2.RELEASE\spring-core-5.0.2.RELEASE.jar;D:\apache-maven-3.6.1-bin\MavenRepository\org\springframework\spring-jcl\5.0.2.RELEASE\spring-jcl-5.0.2.RELEASE.jar;D:\apache-maven-3.6.1-bin\MavenRepository\org\springframework\spring-context\5.0.2.RELEASE\spring-context-5.0.2.RELEASE.jar;D:\apache-maven-3.6.1-bin\MavenRepository\org\springframework\spring-expression\5.0.2.RELEASE\spring-expression-5.0.2.RELEASE.jar;D:\apache-maven-3.6.1-bin\MavenRepository\org\springframework\spring-web\5.0.2.RELEASE\spring-web-5.0.2.RELEASE.jar;D:\apache-maven-3.6.1-bin\MavenRepository\org\springframework\spring-webmvc\5.0.2.RELEASE\spring-webmvc-5.0.2.RELEASE.jar;D:\apache-maven-3.6.1-bin\MavenRepository\org\springframework\spring-test\5.0.2.RELEASE\spring-test-5.0.2.RELEASE.jar;D:\apache-maven-3.6.1-bin\MavenRepository\org\springframework\spring-tx\5.0.2.RELEASE\spring-tx-5.0.2.RELEASE.jar;D:\apache-maven-3.6.1-bin\MavenRepository\org\springframework\spring-jdbc\5.0.2.RELEASE\spring-jdbc-5.0.2.RELEASE.jar;D:\apache-maven-3.6.1-bin\MavenRepository\junit\junit\4.12\junit-4.12.jar;D:\apache-maven-3.6.1-bin\MavenRepository\org\hamcrest\hamcrest-core\1.3\hamcrest-core-1.3.jar;D:\apache-maven-3.6.1-bin\MavenRepository\mysql\mysql-connector-java\5.1.6\mysql-connector-java-5.1.6.jar;D:\apache-maven-3.6.1-bin\MavenRepository\javax\servlet\servlet-api\2.5\servlet-api-2.5.jar;D:\apache-maven-3.6.1-bin\MavenRepository\javax\servlet\jsp\jsp-api\2.0\jsp-api-2.0.jar;D:\apache-maven-3.6.1-bin\MavenRepository\jstl\jstl\1.2\jstl-1.2.jar;D:\apache-maven-3.6.1-bin\MavenRepository\log4j\log4j\1.2.12\log4j-1.2.12.jar;D:\apache-maven-3.6.1-bin\MavenRepository\org\slf4j\slf4j-api\1.6.6\slf4j-api-1.6.6.jar;D:\apache-maven-3.6.1-bin\MavenRepository\org\slf4j\slf4j-log4j12\1.6.6\slf4j-log4j12-1.6.6.jar;D:\apache-maven-3.6.1-bin\MavenRepository\org\mybatis\mybatis\3.4.5\mybatis-3.4.5.jar;D:\apache-maven-3.6.1-bin\MavenRepository\org\mybatis\mybatis-spring\1.3.0\mybatis-spring-1.3.0.jar;D:\apache-maven-3.6.1-bin\MavenRepository\c3p0\c3p0\0.9.1.2\c3p0-0.9.1.2.jar;"/>
    <property name="sun.cpu.endian" value="little"/>
    <property name="user.home" value="C:\Users\Administrator"/>
    <property name="user.language" value="zh"/>
    <property name="java.specification.vendor" value="Oracle Corporation"/>
    <property name="java.home" value="C:\Program Files\Java\jdk1.8.0_144\jre"/>
    <property name="basedir" value="D:\JavaWebStudy\ssm"/>
    <property name="file.separator" value="\"/>
    <property name="line.separator" value="&#10;"/>
    <property name="java.vm.specification.vendor" value="Oracle Corporation"/>
    <property name="java.specification.name" value="Java Platform API Specification"/>
    <property name="java.awt.graphicsenv" value="sun.awt.Win32GraphicsEnvironment"/>
    <property name="surefire.real.class.path" value="C:\Users\ADMINI~1\AppData\Local\Temp\surefire3437146536636527451\surefirebooter6231820087408084563.jar"/>
    <property name="sun.boot.class.path" value="C:\Program Files\Java\jdk1.8.0_144\jre\lib\resources.jar;C:\Program Files\Java\jdk1.8.0_144\jre\lib\rt.jar;C:\Program Files\Java\jdk1.8.0_144\jre\lib\sunrsasign.jar;C:\Program Files\Java\jdk1.8.0_144\jre\lib\jsse.jar;C:\Program Files\Java\jdk1.8.0_144\jre\lib\jce.jar;C:\Program Files\Java\jdk1.8.0_144\jre\lib\charsets.jar;C:\Program Files\Java\jdk1.8.0_144\jre\lib\jfr.jar;C:\Program Files\Java\jdk1.8.0_144\jre\classes"/>
    <property name="user.script" value=""/>
    <property name="sun.management.compiler" value="HotSpot 64-Bit Tiered Compilers"/>
    <property name="java.runtime.version" value="1.8.0_144-b01"/>
    <property name="user.name" value="Administrator"/>
    <property name="path.separator" value=";"/>
    <property name="os.version" value="10.0"/>
    <property name="java.endorsed.dirs" value="C:\Program Files\Java\jdk1.8.0_144\jre\lib\endorsed"/>
    <property name="java.runtime.name" value="Java(TM) SE Runtime Environment"/>
    <property name="file.encoding" value="GBK"/>
    <property name="java.vm.name" value="Java HotSpot(TM) 64-Bit Server VM"/>
    <property name="localRepository" value="D:\apache-maven-3.6.1-bin\MavenRepository"/>
    <property name="java.vendor.url.bug" value="http://bugreport.sun.com/bugreport/"/>
    <property name="java.io.tmpdir" value="C:\Users\ADMINI~1\AppData\Local\Temp\"/>
    <property name="idea.version" value="2018.2.4"/>
    <property name="java.version" value="1.8.0_144"/>
    <property name="user.dir" value="D:\JavaWebStudy\ssm"/>
    <property name="os.arch" value="amd64"/>
    <property name="java.vm.specification.name" value="Java Virtual Machine Specification"/>
    <property name="java.awt.printerjob" value="sun.awt.windows.WPrinterJob"/>
    <property name="sun.os.patch.level" value=""/>
    <property name="java.library.path" value="C:\Program Files\Java\jdk1.8.0_144\jre\bin;C:\Windows\Sun\Java\bin;C:\Windows\system32;C:\Windows;C:\ProgramData\Oracle\Java\javapath;C:\Program Files\Microsoft MPI\Bin\;C:\Windows\system32;C:\Windows;C:\Windows\System32\Wbem;C:\Windows\System32\WindowsPowerShell\v1.0\;C:\Program Files (x86)\NVIDIA Corporation\PhysX\Common;C:\Program Files\Java\jdk1.8.0_144\bin;C:\Program Files (x86)\Microsoft SQL Server\130\Tools\Binn\;C:\Program Files\Microsoft SQL Server\130\Tools\Binn\;C:\Program Files (x86)\Microsoft SQL Server\130\DTS\Binn\;C:\Program Files\Microsoft SQL Server\130\DTS\Binn\;C:\Program Files\Microsoft SQL Server\Client SDK\ODBC\130\Tools\Binn\;C:\Program Files\Microsoft SQL Server\110\DTS\Binn\;C:\Program Files (x86)\Microsoft SQL Server\110\Tools\Binn\;C:\Program Files\Microsoft SQL Server\110\Tools\Binn\;C:\Program Files (x86)\Microsoft SQL Server\110\Tools\Binn\ManagementStudio\;C:\Program Files (x86)\Microsoft Visual Studio 10.0\Common7\IDE\PrivateAssemblies\;C:\Program Files (x86)\Microsoft SQL Server\110\DTS\Binn\;D:\Program Files (x86)\Rational\common;D:\apache-maven-3.6.1-bin\apache-maven-3.6.1\bin;C:\Users\Administrator\AppData\Local\Microsoft\WindowsApps;;."/>
    <property name="java.vm.info" value="mixed mode"/>
    <property name="java.vendor" value="Oracle Corporation"/>
    <property name="java.vm.version" value="25.144-b01"/>
    <property name="java.ext.dirs" value="C:\Program Files\Java\jdk1.8.0_144\jre\lib\ext;C:\Windows\Sun\Java\lib\ext"/>
    <property name="sun.io.unicode.encoding" value="UnicodeLittle"/>
    <property name="maven.repo.local" value="D:\apache-maven-3.6.1-bin\MavenRepository"/>
    <property name="java.class.version" value="52.0"/>
  </properties>
  <testcase name="run1" classname="test.TestSpring" time="1.286">
    <error message="No bean named &apos;accountService&apos; available" type="org.springframework.beans.factory.NoSuchBeanDefinitionException">org.springframework.beans.factory.NoSuchBeanDefinitionException: No bean named 'accountService' available
	at test.TestSpring.run1(TestSpring.java:14)
</error>
    <system-out><![CDATA[2019-12-28 11:58:07,726 0      [           main] INFO  ClassPathXmlApplicationContext  - Refreshing org.springframework.context.support.ClassPathXmlApplicationContext@5e5792a0: startup date [Sat Dec 28 11:58:07 CST 2019]; root of context hierarchy
2019-12-28 11:58:07,767 41     [           main] INFO  ry.xml.XmlBeanDefinitionReader  - Loading XML bean definitions from class path resource [applicationContext.xml]
2019-12-28 11:58:08,232 506    [           main] INFO         com.mchange.v2.log.MLog  - MLog clients using log4j logging.
2019-12-28 11:58:08,545 819    [           main] INFO  m.mchange.v2.c3p0.C3P0Registry  - Initializing c3p0-0.9.1.2 [built 21-May-2007 15:04:56; debug? true; trace: 10]
]]></system-out>
  </testcase>
</testsuite>